<?xml version="1.0" encoding="UTF-8"?>
<!-- Generated by org.testng.reporters.JUnitReportReporter -->
<testsuite skipped="0" hostname="cdackharghar2-HP-COMPAQ-ELITE-8300-SMALL-FORM-FACTOR" name="com.app.TestNG" tests="1" failures="0" timestamp="04 Feb 2020 04:04:42 GMT" time="1.615" errors="0">
  <testcase name="googleSearch" time="1.615" classname="com.app.TestNG"/>
</testsuite> <!-- com.app.TestNG -->
