<?xml version="1.0" encoding="UTF-8"?>
<!-- Generated by org.testng.reporters.JUnitReportReporter -->
<testsuite skipped="0" hostname="cdackharghar2-HP-COMPAQ-ELITE-8300-SMALL-FORM-FACTOR" name="com.app.TestNG" tests="1" failures="0" timestamp="2020-01-23T13:34:12 IST" time="3.012" errors="0">
  <testcase name="googleSearch" time="3.012" classname="com.app.TestNG"/>
</testsuite> <!-- com.app.TestNG -->
