<?xml version="1.0" encoding="UTF-8"?>
<!-- Generated by org.testng.reporters.JUnitReportReporter -->
<testsuite skipped="0" hostname="cdackharghar2-HP-COMPAQ-ELITE-8300-SMALL-FORM-FACTOR" name="com.app.TestNG" tests="1" failures="0" timestamp="02 Mar 2020 05:30:59 GMT" time="1.194" errors="0">
  <testcase name="googleSearch" time="1.194" classname="com.app.TestNG"/>
</testsuite> <!-- com.app.TestNG -->
